<?xml version="1.0" encoding="UTF-8"?>
<!-- Generated by org.testng.reporters.JUnitReportReporter -->
<testsuite hostname="LAPTOP-PD546U5U" failures="0" tests="3" name="cucumberOptions.TestRunner" time="32.723" errors="0" timestamp="2022-06-28T18:26:07 IST" skipped="0">
  <testcase classname="cucumberOptions.TestRunner" name="runScenario" time="12.295"/>
  <system-out/>
  <testcase classname="cucumberOptions.TestRunner" name="runScenario" time="10.173"/>
  <system-out/>
  <testcase classname="cucumberOptions.TestRunner" name="runScenario" time="10.255"/>
  <system-out/>
</testsuite> <!-- cucumberOptions.TestRunner -->
