<?xml version="1.0" encoding="UTF-8"?>
<!-- Generated by org.testng.reporters.JUnitReportReporter -->
<testsuite skipped="0" hostname="LAPTOP-PD546U5U" name="cucumberOptions.TestRunner" tests="3" failures="0" timestamp="2022-06-30T13:45:53 IST" time="41.866" errors="0">
  <testcase name="runScenario" time="12.915" classname="cucumberOptions.TestRunner"/>
  <system-out/>
  <testcase name="runScenario" time="15.516" classname="cucumberOptions.TestRunner"/>
  <system-out/>
  <testcase name="runScenario" time="13.435" classname="cucumberOptions.TestRunner"/>
  <system-out/>
</testsuite> <!-- cucumberOptions.TestRunner -->
